Build started 7/16/2014 8:09:07 PM.
     1>Project "D:\v-zeshan\tinyrpc\TinyRPC\TinyRPC.vcxproj" on node 2 (Build target(s)).
     1>InitializeBuildStatus:
         Creating "x64\Debug\TinyRPC.unsuccessfulbuild" because "AlwaysCreate" was specified.
       ClCompile:
         C:\Program Files (x86)\Microsoft Visual Studio 11.0\VC\bin\x86_amd64\CL.exe /c /ID:\chhong\boost /Zi /nologo /W3 /WX- /sdl /Od /D WIN32 /D _DEBUG /D _CONSOLE /D _UNICODE /D UNICODE /Gm /EHsc /RTC1 /MDd /GS /fp:precise /Zc:wchar_t /Zc:forScope /Fo"x64\Debug\\" /Fd"x64\Debug\vc110.pdb" /Gd /TP /errorReport:prompt test.cpp
         test.cpp
         Please define _WIN32_WINNT or _WIN32_WINDOWS appropriately. For example:
         - add -D_WIN32_WINNT=0x0501 to the compiler command line; or
         - add _WIN32_WINNT=0x0501 to your project's Preprocessor Definitions.
         Assuming _WIN32_WINNT=0x0501 (i.e. Windows XP target).
     1>d:\v-zeshan\tinyrpc\tinyrpc\commAsio.h(176): warning C4101: 'e' : unreferenced local variable
       Link:
         C:\Program Files (x86)\Microsoft Visual Studio 11.0\VC\bin\x86_amd64\link.exe /ERRORREPORT:PROMPT /OUT:"D:\v-zeshan\tinyrpc\x64\Debug\TinyRPC.exe" /INCREMENTAL /NOLOGO /LIBPATH:D:\chhong\boost\stage\lib kernel32.lib user32.lib gdi32.lib winspool.lib comdlg32.lib advapi32.lib shell32.lib ole32.lib oleaut32.lib uuid.lib odbc32.lib odbccp32.lib kernel32.lib user32.lib gdi32.lib winspool.lib comdlg32.lib advapi32.lib shell32.lib ole32.lib oleaut32.lib uuid.lib odbc32.lib odbccp32.lib /MANIFEST /MANIFESTUAC:"level='asInvoker' uiAccess='false'" /manifest:embed /DEBUG /PDB:"D:\v-zeshan\tinyrpc\x64\Debug\TinyRPC.pdb" /SUBSYSTEM:CONSOLE /TLBID:1 /DYNAMICBASE /NXCOMPAT /IMPLIB:"D:\v-zeshan\tinyrpc\x64\Debug\TinyRPC.lib" /MACHINE:X64 x64\Debug\test.obj
         TinyRPC.vcxproj -> D:\v-zeshan\tinyrpc\x64\Debug\TinyRPC.exe
       FinalizeBuildStatus:
         Deleting file "x64\Debug\TinyRPC.unsuccessfulbuild".
         Touching "x64\Debug\TinyRPC.lastbuildstate".
     1>Done Building Project "D:\v-zeshan\tinyrpc\TinyRPC\TinyRPC.vcxproj" (Build target(s)).

Build succeeded.

Time Elapsed 00:00:05.48
